[debug] [2023-08-16T11:10:25.962Z] ----------------------------------------------------------------------
[debug] [2023-08-16T11:10:25.964Z] Command:       /home/hp/.nvm/versions/node/v16.17.0/bin/node /home/hp/.nvm/versions/node/v16.17.0/bin/firebase deploy --only functions
[debug] [2023-08-16T11:10:25.964Z] CLI Version:   12.4.7
[debug] [2023-08-16T11:10:25.964Z] Platform:      linux
[debug] [2023-08-16T11:10:25.964Z] Node Version:  v16.17.0
[debug] [2023-08-16T11:10:25.964Z] Time:          Wed Aug 16 2023 16:40:25 GMT+0530 (India Standard Time)
[debug] [2023-08-16T11:10:25.965Z] ----------------------------------------------------------------------
[debug] 
[debug] [2023-08-16T11:10:26.021Z] > command requires scopes: ["email","openid","https://www.googleapis.com/auth/cloudplatformprojects.readonly","https://www.googleapis.com/auth/firebase","https://www.googleapis.com/auth/cloud-platform"]
[debug] [2023-08-16T11:10:26.021Z] > authorizing via signed-in user (himanshu064@gmail.com)
[debug] [2023-08-16T11:10:26.021Z] [iam] checking project lantern-33dfd for permissions ["cloudfunctions.functions.create","cloudfunctions.functions.delete","cloudfunctions.functions.get","cloudfunctions.functions.list","cloudfunctions.functions.update","cloudfunctions.operations.get","firebase.projects.get"]
[debug] [2023-08-16T11:10:26.023Z] >>> [apiv2][query] POST https://cloudresourcemanager.googleapis.com/v1/projects/lantern-33dfd:testIamPermissions [none]
[debug] [2023-08-16T11:10:26.023Z] >>> [apiv2][(partial)header] POST https://cloudresourcemanager.googleapis.com/v1/projects/lantern-33dfd:testIamPermissions x-goog-quota-user=projects/lantern-33dfd
[debug] [2023-08-16T11:10:26.023Z] >>> [apiv2][body] POST https://cloudresourcemanager.googleapis.com/v1/projects/lantern-33dfd:testIamPermissions {"permissions":["cloudfunctions.functions.create","cloudfunctions.functions.delete","cloudfunctions.functions.get","cloudfunctions.functions.list","cloudfunctions.functions.update","cloudfunctions.operations.get","firebase.projects.get"]}
[debug] [2023-08-16T11:10:27.786Z] <<< [apiv2][status] POST https://cloudresourcemanager.googleapis.com/v1/projects/lantern-33dfd:testIamPermissions 200
[debug] [2023-08-16T11:10:27.786Z] <<< [apiv2][body] POST https://cloudresourcemanager.googleapis.com/v1/projects/lantern-33dfd:testIamPermissions {"permissions":["cloudfunctions.functions.create","cloudfunctions.functions.delete","cloudfunctions.functions.get","cloudfunctions.functions.list","cloudfunctions.functions.update","cloudfunctions.operations.get","firebase.projects.get"]}
[debug] [2023-08-16T11:10:27.786Z] >>> [apiv2][query] POST https://iam.googleapis.com/v1/projects/lantern-33dfd/serviceAccounts/lantern-33dfd@appspot.gserviceaccount.com:testIamPermissions [none]
[debug] [2023-08-16T11:10:27.786Z] >>> [apiv2][body] POST https://iam.googleapis.com/v1/projects/lantern-33dfd/serviceAccounts/lantern-33dfd@appspot.gserviceaccount.com:testIamPermissions {"permissions":["iam.serviceAccounts.actAs"]}
[debug] [2023-08-16T11:10:29.484Z] <<< [apiv2][status] POST https://iam.googleapis.com/v1/projects/lantern-33dfd/serviceAccounts/lantern-33dfd@appspot.gserviceaccount.com:testIamPermissions 200
[debug] [2023-08-16T11:10:29.484Z] <<< [apiv2][body] POST https://iam.googleapis.com/v1/projects/lantern-33dfd/serviceAccounts/lantern-33dfd@appspot.gserviceaccount.com:testIamPermissions {"permissions":["iam.serviceAccounts.actAs"]}
[info] 
[info] === Deploying to 'lantern-33dfd'...
[info] 
[info] i  deploying functions 
[debug] [2023-08-16T11:10:29.487Z] >>> [apiv2][query] GET https://firebase.googleapis.com/v1beta1/projects/lantern-33dfd [none]
[debug] [2023-08-16T11:10:30.041Z] <<< [apiv2][status] GET https://firebase.googleapis.com/v1beta1/projects/lantern-33dfd 200
[debug] [2023-08-16T11:10:30.041Z] <<< [apiv2][body] GET https://firebase.googleapis.com/v1beta1/projects/lantern-33dfd {"projectId":"lantern-33dfd","projectNumber":"842918870005","displayName":"lantern","name":"projects/lantern-33dfd","resources":{"hostingSite":"lantern-33dfd"},"state":"ACTIVE","etag":"1_166aa22a-f551-40ef-bd97-d45968b850f3"}
[info] i  functions: preparing codebase default for deployment 
[info] i  functions: ensuring required API cloudfunctions.googleapis.com is enabled... 
[info] i  functions: ensuring required API cloudbuild.googleapis.com is enabled... 
[info] i  artifactregistry: ensuring required API artifactregistry.googleapis.com is enabled... 
[debug] [2023-08-16T11:10:30.043Z] >>> [apiv2][query] GET https://serviceusage.googleapis.com/v1/projects/lantern-33dfd/services/cloudfunctions.googleapis.com [none]
[debug] [2023-08-16T11:10:30.043Z] >>> [apiv2][(partial)header] GET https://serviceusage.googleapis.com/v1/projects/lantern-33dfd/services/cloudfunctions.googleapis.com x-goog-quota-user=projects/lantern-33dfd
[debug] [2023-08-16T11:10:30.044Z] >>> [apiv2][query] GET https://serviceusage.googleapis.com/v1/projects/lantern-33dfd/services/runtimeconfig.googleapis.com [none]
[debug] [2023-08-16T11:10:30.044Z] >>> [apiv2][(partial)header] GET https://serviceusage.googleapis.com/v1/projects/lantern-33dfd/services/runtimeconfig.googleapis.com x-goog-quota-user=projects/lantern-33dfd
[debug] [2023-08-16T11:10:30.045Z] >>> [apiv2][query] GET https://serviceusage.googleapis.com/v1/projects/lantern-33dfd/services/cloudbuild.googleapis.com [none]
[debug] [2023-08-16T11:10:30.045Z] >>> [apiv2][(partial)header] GET https://serviceusage.googleapis.com/v1/projects/lantern-33dfd/services/cloudbuild.googleapis.com x-goog-quota-user=projects/lantern-33dfd
[debug] [2023-08-16T11:10:30.046Z] >>> [apiv2][query] GET https://serviceusage.googleapis.com/v1/projects/lantern-33dfd/services/artifactregistry.googleapis.com [none]
[debug] [2023-08-16T11:10:30.046Z] >>> [apiv2][(partial)header] GET https://serviceusage.googleapis.com/v1/projects/lantern-33dfd/services/artifactregistry.googleapis.com x-goog-quota-user=projects/lantern-33dfd
[debug] [2023-08-16T11:10:32.034Z] <<< [apiv2][status] GET https://serviceusage.googleapis.com/v1/projects/lantern-33dfd/services/cloudfunctions.googleapis.com 200
[debug] [2023-08-16T11:10:32.034Z] <<< [apiv2][body] GET https://serviceusage.googleapis.com/v1/projects/lantern-33dfd/services/cloudfunctions.googleapis.com [omitted]
[info] ✔  functions: required API cloudfunctions.googleapis.com is enabled 
[debug] [2023-08-16T11:10:32.354Z] <<< [apiv2][status] GET https://serviceusage.googleapis.com/v1/projects/lantern-33dfd/services/cloudbuild.googleapis.com 200
[debug] [2023-08-16T11:10:32.354Z] <<< [apiv2][body] GET https://serviceusage.googleapis.com/v1/projects/lantern-33dfd/services/cloudbuild.googleapis.com [omitted]
[info] ✔  functions: required API cloudbuild.googleapis.com is enabled 
[debug] [2023-08-16T11:10:32.383Z] <<< [apiv2][status] GET https://serviceusage.googleapis.com/v1/projects/lantern-33dfd/services/artifactregistry.googleapis.com 200
[debug] [2023-08-16T11:10:32.383Z] <<< [apiv2][body] GET https://serviceusage.googleapis.com/v1/projects/lantern-33dfd/services/artifactregistry.googleapis.com [omitted]
[info] ✔  artifactregistry: required API artifactregistry.googleapis.com is enabled 
[debug] [2023-08-16T11:10:33.102Z] <<< [apiv2][status] GET https://serviceusage.googleapis.com/v1/projects/lantern-33dfd/services/runtimeconfig.googleapis.com 200
[debug] [2023-08-16T11:10:33.102Z] <<< [apiv2][body] GET https://serviceusage.googleapis.com/v1/projects/lantern-33dfd/services/runtimeconfig.googleapis.com [omitted]
[debug] [2023-08-16T11:10:33.103Z] >>> [apiv2][query] GET https://firebase.googleapis.com/v1beta1/projects/lantern-33dfd/adminSdkConfig [none]
[debug] [2023-08-16T11:10:33.651Z] <<< [apiv2][status] GET https://firebase.googleapis.com/v1beta1/projects/lantern-33dfd/adminSdkConfig 200
[debug] [2023-08-16T11:10:33.651Z] <<< [apiv2][body] GET https://firebase.googleapis.com/v1beta1/projects/lantern-33dfd/adminSdkConfig {"projectId":"lantern-33dfd","storageBucket":"lantern-33dfd.appspot.com"}
[debug] [2023-08-16T11:10:33.652Z] >>> [apiv2][query] GET https://runtimeconfig.googleapis.com/v1beta1/projects/lantern-33dfd/configs [none]
[debug] [2023-08-16T11:10:34.380Z] <<< [apiv2][status] GET https://runtimeconfig.googleapis.com/v1beta1/projects/lantern-33dfd/configs 200
[debug] [2023-08-16T11:10:34.381Z] <<< [apiv2][body] GET https://runtimeconfig.googleapis.com/v1beta1/projects/lantern-33dfd/configs {"configs":[{"name":"projects/lantern-33dfd/configs/bitgo"},{"name":"projects/lantern-33dfd/configs/general"}]}
[debug] [2023-08-16T11:10:34.381Z] >>> [apiv2][query] GET https://runtimeconfig.googleapis.com/v1beta1/projects/lantern-33dfd/configs/bitgo/variables [none]
[debug] [2023-08-16T11:10:34.382Z] >>> [apiv2][query] GET https://runtimeconfig.googleapis.com/v1beta1/projects/lantern-33dfd/configs/general/variables [none]
[debug] [2023-08-16T11:10:34.911Z] <<< [apiv2][status] GET https://runtimeconfig.googleapis.com/v1beta1/projects/lantern-33dfd/configs/general/variables 200
[debug] [2023-08-16T11:10:34.911Z] <<< [apiv2][body] GET https://runtimeconfig.googleapis.com/v1beta1/projects/lantern-33dfd/configs/general/variables {"variables":[{"name":"projects/lantern-33dfd/configs/general/variables/client_secret","updateTime":"2023-08-01T10:32:30.581462070Z"},{"name":"projects/lantern-33dfd/configs/general/variables/email_provider","updateTime":"2023-08-02T13:02:46.010275474Z"},{"name":"projects/lantern-33dfd/configs/general/variables/portfolio_id","updateTime":"2023-08-04T10:26:47.436490618Z"},{"name":"projects/lantern-33dfd/configs/general/variables/refresh_token","updateTime":"2023-08-01T10:33:10.139356685Z"},{"name":"projects/lantern-33dfd/configs/general/variables/test_case_address","updateTime":"2023-08-10T12:01:16.979321668Z"},{"name":"projects/lantern-33dfd/configs/general/variables/base_url","updateTime":"2023-08-01T11:21:16.611897294Z"},{"name":"projects/lantern-33dfd/configs/general/variables/client_id","updateTime":"2023-08-01T10:31:41.009106952Z"}]}
[debug] [2023-08-16T11:10:34.912Z] >>> [apiv2][query] GET https://runtimeconfig.googleapis.com/v1beta1/projects/lantern-33dfd/configs/general/variables/client_secret [none]
[debug] [2023-08-16T11:10:34.913Z] >>> [apiv2][query] GET https://runtimeconfig.googleapis.com/v1beta1/projects/lantern-33dfd/configs/general/variables/email_provider [none]
[debug] [2023-08-16T11:10:34.914Z] >>> [apiv2][query] GET https://runtimeconfig.googleapis.com/v1beta1/projects/lantern-33dfd/configs/general/variables/portfolio_id [none]
[debug] [2023-08-16T11:10:34.915Z] >>> [apiv2][query] GET https://runtimeconfig.googleapis.com/v1beta1/projects/lantern-33dfd/configs/general/variables/refresh_token [none]
[debug] [2023-08-16T11:10:34.916Z] >>> [apiv2][query] GET https://runtimeconfig.googleapis.com/v1beta1/projects/lantern-33dfd/configs/general/variables/test_case_address [none]
[debug] [2023-08-16T11:10:34.917Z] >>> [apiv2][query] GET https://runtimeconfig.googleapis.com/v1beta1/projects/lantern-33dfd/configs/general/variables/base_url [none]
[debug] [2023-08-16T11:10:34.918Z] >>> [apiv2][query] GET https://runtimeconfig.googleapis.com/v1beta1/projects/lantern-33dfd/configs/general/variables/client_id [none]
[debug] [2023-08-16T11:10:35.055Z] <<< [apiv2][status] GET https://runtimeconfig.googleapis.com/v1beta1/projects/lantern-33dfd/configs/bitgo/variables 200
[debug] [2023-08-16T11:10:35.055Z] <<< [apiv2][body] GET https://runtimeconfig.googleapis.com/v1beta1/projects/lantern-33dfd/configs/bitgo/variables {"variables":[{"name":"projects/lantern-33dfd/configs/bitgo/variables/bitgo_access_token","updateTime":"2023-07-21T11:03:23.922912288Z"},{"name":"projects/lantern-33dfd/configs/bitgo/variables/bitgo_wallet_id","updateTime":"2023-07-28T14:55:04.153639688Z"}]}
[debug] [2023-08-16T11:10:35.055Z] >>> [apiv2][query] GET https://runtimeconfig.googleapis.com/v1beta1/projects/lantern-33dfd/configs/bitgo/variables/bitgo_access_token [none]
[debug] [2023-08-16T11:10:35.056Z] >>> [apiv2][query] GET https://runtimeconfig.googleapis.com/v1beta1/projects/lantern-33dfd/configs/bitgo/variables/bitgo_wallet_id [none]
[debug] [2023-08-16T11:10:35.340Z] <<< [apiv2][status] GET https://runtimeconfig.googleapis.com/v1beta1/projects/lantern-33dfd/configs/general/variables/refresh_token 200
[debug] [2023-08-16T11:10:35.340Z] <<< [apiv2][body] GET https://runtimeconfig.googleapis.com/v1beta1/projects/lantern-33dfd/configs/general/variables/refresh_token {"name":"projects/lantern-33dfd/configs/general/variables/refresh_token","updateTime":"2023-08-01T10:33:10.139356685Z","text":"1//04jeEdgg4GmX6CgYIARAAGAQSNwF-L9IrN-FQiP1oadEPIWL3C3FP7tX89sU7S8qzSclbYfzMZtao1J6OKjqXnTjEoL4UpyDFMec"}
[debug] [2023-08-16T11:10:35.410Z] <<< [apiv2][status] GET https://runtimeconfig.googleapis.com/v1beta1/projects/lantern-33dfd/configs/general/variables/test_case_address 200
[debug] [2023-08-16T11:10:35.410Z] <<< [apiv2][body] GET https://runtimeconfig.googleapis.com/v1beta1/projects/lantern-33dfd/configs/general/variables/test_case_address {"name":"projects/lantern-33dfd/configs/general/variables/test_case_address","updateTime":"2023-08-10T12:01:16.979321668Z","text":"0x8763d47118845276930796ff7a26592e192ec953"}
[debug] [2023-08-16T11:10:35.437Z] <<< [apiv2][status] GET https://runtimeconfig.googleapis.com/v1beta1/projects/lantern-33dfd/configs/general/variables/email_provider 200
[debug] [2023-08-16T11:10:35.438Z] <<< [apiv2][body] GET https://runtimeconfig.googleapis.com/v1beta1/projects/lantern-33dfd/configs/general/variables/email_provider {"name":"projects/lantern-33dfd/configs/general/variables/email_provider","updateTime":"2023-08-02T13:02:46.010275474Z","text":"amjadislamkhn@gmail.com"}
[debug] [2023-08-16T11:10:35.656Z] <<< [apiv2][status] GET https://runtimeconfig.googleapis.com/v1beta1/projects/lantern-33dfd/configs/general/variables/client_id 200
[debug] [2023-08-16T11:10:35.656Z] <<< [apiv2][body] GET https://runtimeconfig.googleapis.com/v1beta1/projects/lantern-33dfd/configs/general/variables/client_id {"name":"projects/lantern-33dfd/configs/general/variables/client_id","updateTime":"2023-08-01T10:31:41.009106952Z","text":"842918870005-lv1ehsmldbr01vmo4vca4fhp9e6sbe05.apps.googleusercontent.com"}
[debug] [2023-08-16T11:10:35.669Z] <<< [apiv2][status] GET https://runtimeconfig.googleapis.com/v1beta1/projects/lantern-33dfd/configs/general/variables/client_secret 200
[debug] [2023-08-16T11:10:35.670Z] <<< [apiv2][body] GET https://runtimeconfig.googleapis.com/v1beta1/projects/lantern-33dfd/configs/general/variables/client_secret {"name":"projects/lantern-33dfd/configs/general/variables/client_secret","updateTime":"2023-08-01T10:32:30.581462070Z","text":"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"}
[debug] [2023-08-16T11:10:35.735Z] <<< [apiv2][status] GET https://runtimeconfig.googleapis.com/v1beta1/projects/lantern-33dfd/configs/general/variables/portfolio_id 200
[debug] [2023-08-16T11:10:35.735Z] <<< [apiv2][body] GET https://runtimeconfig.googleapis.com/v1beta1/projects/lantern-33dfd/configs/general/variables/portfolio_id {"name":"projects/lantern-33dfd/configs/general/variables/portfolio_id","updateTime":"2023-08-04T10:26:47.436490618Z","text":"91dd509a-1193-45a6-8b02-5727e0867ef4"}
[debug] [2023-08-16T11:10:35.798Z] <<< [apiv2][status] GET https://runtimeconfig.googleapis.com/v1beta1/projects/lantern-33dfd/configs/bitgo/variables/bitgo_wallet_id 200
[debug] [2023-08-16T11:10:35.799Z] <<< [apiv2][body] GET https://runtimeconfig.googleapis.com/v1beta1/projects/lantern-33dfd/configs/bitgo/variables/bitgo_wallet_id {"name":"projects/lantern-33dfd/configs/bitgo/variables/bitgo_wallet_id","updateTime":"2023-07-28T14:55:04.153639688Z","text":"64b5932d0b26840007c66bda73df2970"}
[debug] [2023-08-16T11:10:35.865Z] <<< [apiv2][status] GET https://runtimeconfig.googleapis.com/v1beta1/projects/lantern-33dfd/configs/bitgo/variables/bitgo_access_token 200
[debug] [2023-08-16T11:10:35.865Z] <<< [apiv2][body] GET https://runtimeconfig.googleapis.com/v1beta1/projects/lantern-33dfd/configs/bitgo/variables/bitgo_access_token {"name":"projects/lantern-33dfd/configs/bitgo/variables/bitgo_access_token","updateTime":"2023-07-21T11:03:23.922912288Z","text":"v2xe8294934f376c8398fe921140c1f9438b318bb3456d67f8624c79c9e65586641"}
[debug] [2023-08-16T11:10:36.678Z] <<< [apiv2][status] GET https://runtimeconfig.googleapis.com/v1beta1/projects/lantern-33dfd/configs/general/variables/base_url 200
[debug] [2023-08-16T11:10:36.678Z] <<< [apiv2][body] GET https://runtimeconfig.googleapis.com/v1beta1/projects/lantern-33dfd/configs/general/variables/base_url {"name":"projects/lantern-33dfd/configs/general/variables/base_url","updateTime":"2023-08-01T11:21:16.611897294Z","text":"https://monorepo-two-chi.vercel.app"}
[debug] [2023-08-16T11:10:36.679Z] Validating nodejs source
[debug] [2023-08-16T11:10:38.336Z] > [functions] package.json contents: {
  "name": "functions",
  "description": "Cloud Functions for Firebase",
  "scripts": {
    "serve": "firebase serve --only functions",
    "shell": "firebase functions:shell",
    "start": "npm run shell",
    "deploy": "npm run test && firebase deploy --only functions",
    "logs": "firebase functions:log",
    "lint": "eslint .",
    "test": "jest"
  },
  "engines": {
    "node": "16"
  },
  "main": "index.js",
  "dependencies": {
    "bitgo": "^19.6.0",
    "dotenv": "^16.3.1",
    "firebase-admin": "^11.8.0",
    "firebase-functions": "^4.4.1",
    "googleapis": "^123.0.0",
    "nodemailer": "^6.9.4",
    "supertest": "^6.3.3"
  },
  "devDependencies": {
    "@types/jest": "^29.5.3",
    "eslint": "^8.45.0",
    "eslint-config-standard": "^17.1.0",
    "eslint-plugin-import": "^2.27.5",
    "eslint-plugin-n": "^16.0.1",
    "eslint-plugin-promise": "^6.1.1",
    "firebase-functions-test": "^3.1.0",
    "jest": "^29.6.2"
  },
  "private": true
}
[debug] [2023-08-16T11:10:38.337Z] Building nodejs source
[info] i  functions: Loading and analyzing source code for codebase default to determine what to deploy 
[debug] [2023-08-16T11:10:38.338Z] Could not find functions.yaml. Must use http discovery
[debug] [2023-08-16T11:10:38.342Z] Found firebase-functions binary at '/home/hp/Projects/New Project/lantern-db/functions/node_modules/.bin/firebase-functions'
[info] Serving at port 8411

[debug] [2023-08-16T11:10:39.103Z] Got response from /__/functions.yaml {"endpoints":{"createAddress":{"platform":"gcfv1","availableMemoryMb":null,"timeoutSeconds":null,"minInstances":null,"maxInstances":null,"ingressSettings":null,"serviceAccountEmail":null,"vpc":null,"httpsTrigger":{},"entryPoint":"createAddress"},"getAddressBalance":{"platform":"gcfv1","availableMemoryMb":null,"timeoutSeconds":null,"minInstances":null,"maxInstances":null,"ingressSettings":null,"serviceAccountEmail":null,"vpc":null,"httpsTrigger":{},"entryPoint":"getAddressBalance"},"getAllTransactionsByAddress":{"platform":"gcfv1","availableMemoryMb":null,"timeoutSeconds":null,"minInstances":null,"maxInstances":null,"ingressSettings":null,"serviceAccountEmail":null,"vpc":null,"httpsTrigger":{},"entryPoint":"getAllTransactionsByAddress"},"getBitgoWallet":{"platform":"gcfv1","availableMemoryMb":null,"timeoutSeconds":null,"minInstances":null,"maxInstances":null,"ingressSettings":null,"serviceAccountEmail":null,"vpc":null,"httpsTrigger":{},"entryPoint":"getBitgoWallet"},"getPortfolioBalance":{"platform":"gcfv1","availableMemoryMb":null,"timeoutSeconds":null,"minInstances":null,"maxInstances":null,"ingressSettings":null,"serviceAccountEmail":null,"vpc":null,"httpsTrigger":{},"entryPoint":"getPortfolioBalance"},"getPortfolioTransactions":{"platform":"gcfv1","availableMemoryMb":null,"timeoutSeconds":null,"minInstances":null,"maxInstances":null,"ingressSettings":null,"serviceAccountEmail":null,"vpc":null,"httpsTrigger":{},"entryPoint":"getPortfolioTransactions"},"getBitgoSlackWalletNotification":{"platform":"gcfv1","availableMemoryMb":null,"timeoutSeconds":null,"minInstances":null,"maxInstances":null,"ingressSettings":null,"serviceAccountEmail":null,"vpc":null,"httpsTrigger":{},"entryPoint":"getBitgoSlackWalletNotification"},"verifyUserByEmail":{"platform":"gcfv1","availableMemoryMb":null,"timeoutSeconds":null,"minInstances":null,"maxInstances":null,"ingressSettings":null,"serviceAccountEmail":null,"vpc":null,"httpsTrigger":{},"entryPoint":"verifyUserByEmail"},"resetPassword":{"platform":"gcfv1","availableMemoryMb":null,"timeoutSeconds":null,"minInstances":null,"maxInstances":null,"ingressSettings":null,"serviceAccountEmail":null,"vpc":null,"httpsTrigger":{},"entryPoint":"resetPassword"}},"specVersion":"v1alpha1","requiredAPIs":[]}
[info] shutdown requested via /__/quitquitquit

[info] i  functions: Loaded environment variables from .env. 
[info] i  functions: preparing functions directory for uploading... 
[info] i  functions: packaged /home/hp/Projects/New Project/lantern-db/functions (543.31 KB) for uploading 
[debug] [2023-08-16T11:10:39.698Z] >>> [apiv2][query] GET https://cloudfunctions.googleapis.com/v1/projects/lantern-33dfd/locations/-/functions [none]
[debug] [2023-08-16T11:10:40.503Z] <<< [apiv2][status] GET https://cloudfunctions.googleapis.com/v1/projects/lantern-33dfd/locations/-/functions 200
[debug] [2023-08-16T11:10:40.503Z] <<< [apiv2][body] GET https://cloudfunctions.googleapis.com/v1/projects/lantern-33dfd/locations/-/functions {"functions":[{"name":"projects/lantern-33dfd/locations/us-central1/functions/createAddress","httpsTrigger":{"url":"https://us-central1-lantern-33dfd.cloudfunctions.net/createAddress","securityLevel":"SECURE_ALWAYS"},"status":"ACTIVE","entryPoint":"createAddress","timeout":"60s","availableMemoryMb":256,"serviceAccountEmail":"lantern-33dfd@appspot.gserviceaccount.com","updateTime":"2023-08-16T07:16:26.150Z","versionId":"38","labels":{"deployment-tool":"cli-firebase","firebase-functions-hash":"26f7e8a2e5acc697fcc146bd02c7a5da3dd12f9a"},"sourceUploadUrl":"https://storage.googleapis.com/uploads-133427813621.us-central1.cloudfunctions.appspot.com/a20a3f03-c977-4337-9033-20eb6d40d239.zip","environmentVariables":{"ACCESS_TOKEN":"v2xe8294934f376c8398fe921140c1f9438b318bb3456d67f8624c79c9e65586641","WALLET_ID":"64b5932d0b26840007c66bda73df2970","CLIENT_ID":"842918870005-lv1ehsmldbr01vmo4vca4fhp9e6sbe05.apps.googleusercontent.com","CLIENT_SECRET":"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","REFRESH_TOKEN":"1//04jeEdgg4GmX6CgYIARAAGAQSNwF-L9IrN-FQiP1oadEPIWL3C3FP7tX89sU7S8qzSclbYfzMZtao1J6OKjqXnTjEoL4UpyDFMec","BASE_URL":"http://localhost:9000","EMAIL_PROVIDER":"amjadislamkhn@gmail.com","PORTFOLIO_ID":"91dd509a-1193-45a6-8b02-5727e0867ef4","TEST_CASES_ADDRESS":"0x8763d47118845276930796ff7a26592e192ec953","TEST_SLACK_WEBHOOK_ADDRESS":"https://hooks.slack.com/services/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","FIREBASE_CONFIG":"{\"projectId\":\"lantern-33dfd\",\"storageBucket\":\"lantern-33dfd.appspot.com\"}","GCLOUD_PROJECT":"lantern-33dfd","EVENTARC_CLOUD_EVENT_SOURCE":"projects/lantern-33dfd/locations/us-central1/functions/createAddress"},"runtime":"nodejs16","ingressSettings":"ALLOW_ALL","buildId":"41e044e2-a0e0-48df-906a-4f9d3d68167a","buildEnvironmentVariables":{"GOOGLE_NODE_RUN_SCRIPTS":""},"buildName":"projects/842918870005/locations/us-central1/builds/41e044e2-a0e0-48df-906a-4f9d3d68167a","dockerRegistry":"ARTIFACT_REGISTRY"},{"name":"projects/lantern-33dfd/locations/us-central1/functions/getAddressBalance","httpsTrigger":{"url":"https://us-central1-lantern-33dfd.cloudfunctions.net/getAddressBalance","securityLevel":"SECURE_ALWAYS"},"status":"ACTIVE","entryPoint":"getAddressBalance","timeout":"60s","availableMemoryMb":256,"serviceAccountEmail":"lantern-33dfd@appspot.gserviceaccount.com","updateTime":"2023-08-16T07:16:22.495Z","versionId":"34","labels":{"deployment-tool":"cli-firebase","firebase-functions-hash":"26f7e8a2e5acc697fcc146bd02c7a5da3dd12f9a"},"sourceUploadUrl":"https://storage.googleapis.com/uploads-133427813621.us-central1.cloudfunctions.appspot.com/a20a3f03-c977-4337-9033-20eb6d40d239.zip","environmentVariables":{"ACCESS_TOKEN":"v2xe8294934f376c8398fe921140c1f9438b318bb3456d67f8624c79c9e65586641","WALLET_ID":"64b5932d0b26840007c66bda73df2970","CLIENT_ID":"842918870005-lv1ehsmldbr01vmo4vca4fhp9e6sbe05.apps.googleusercontent.com","CLIENT_SECRET":"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","REFRESH_TOKEN":"1//04jeEdgg4GmX6CgYIARAAGAQSNwF-L9IrN-FQiP1oadEPIWL3C3FP7tX89sU7S8qzSclbYfzMZtao1J6OKjqXnTjEoL4UpyDFMec","BASE_URL":"http://localhost:9000","EMAIL_PROVIDER":"amjadislamkhn@gmail.com","PORTFOLIO_ID":"91dd509a-1193-45a6-8b02-5727e0867ef4","TEST_CASES_ADDRESS":"0x8763d47118845276930796ff7a26592e192ec953","TEST_SLACK_WEBHOOK_ADDRESS":"https://hooks.slack.com/services/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","FIREBASE_CONFIG":"{\"projectId\":\"lantern-33dfd\",\"storageBucket\":\"lantern-33dfd.appspot.com\"}","GCLOUD_PROJECT":"lantern-33dfd","EVENTARC_CLOUD_EVENT_SOURCE":"projects/lantern-33dfd/locations/us-central1/functions/getAddressBalance"},"runtime":"nodejs16","ingressSettings":"ALLOW_ALL","buildId":"41e044e2-a0e0-48df-906a-4f9d3d68167a","buildEnvironmentVariables":{"GOOGLE_NODE_RUN_SCRIPTS":""},"buildName":"projects/842918870005/locations/us-central1/builds/41e044e2-a0e0-48df-906a-4f9d3d68167a","dockerRegistry":"ARTIFACT_REGISTRY"},{"name":"projects/lantern-33dfd/locations/us-central1/functions/getAllDeposits","httpsTrigger":{"url":"https://us-central1-lantern-33dfd.cloudfunctions.net/getAllDeposits","securityLevel":"SECURE_ALWAYS"},"status":"ACTIVE","entryPoint":"getAllDeposits","timeout":"60s","availableMemoryMb":256,"serviceAccountEmail":"lantern-33dfd@appspot.gserviceaccount.com","updateTime":"2023-08-16T10:59:42.557Z","versionId":"2","labels":{"deployment-tool":"cli-firebase","firebase-functions-hash":"7378b9e194b9d1b6c92f4ee1649d3e878e5e0266"},"sourceUploadUrl":"https://storage.googleapis.com/uploads-133427813621.us-central1.cloudfunctions.appspot.com/5e74edd0-a03a-46be-a7d4-11600596bb38.zip","environmentVariables":{"ACCESS_TOKEN":"v2xe8294934f376c8398fe921140c1f9438b318bb3456d67f8624c79c9e65586641","WALLET_ID":"64b5932d0b26840007c66bda73df2970","CLIENT_ID":"842918870005-lv1ehsmldbr01vmo4vca4fhp9e6sbe05.apps.googleusercontent.com","CLIENT_SECRET":"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","REFRESH_TOKEN":"1//04jeEdgg4GmX6CgYIARAAGAQSNwF-L9IrN-FQiP1oadEPIWL3C3FP7tX89sU7S8qzSclbYfzMZtao1J6OKjqXnTjEoL4UpyDFMec","BASE_URL":"http://localhost:9000","EMAIL_PROVIDER":"amjadislamkhn@gmail.com","PORTFOLIO_ID":"91dd509a-1193-45a6-8b02-5727e0867ef4","TEST_CASES_ADDRESS":"0x8763d47118845276930796ff7a26592e192ec953","FIREBASE_CONFIG":"{\"projectId\":\"lantern-33dfd\",\"storageBucket\":\"lantern-33dfd.appspot.com\"}","GCLOUD_PROJECT":"lantern-33dfd","EVENTARC_CLOUD_EVENT_SOURCE":"projects/lantern-33dfd/locations/us-central1/functions/getAllDeposits"},"runtime":"nodejs16","ingressSettings":"ALLOW_ALL","buildId":"70be4ca7-74c4-42ae-ae5f-06ece8c71a45","buildEnvironmentVariables":{"GOOGLE_NODE_RUN_SCRIPTS":""},"buildName":"projects/842918870005/locations/us-central1/builds/70be4ca7-74c4-42ae-ae5f-06ece8c71a45","dockerRegistry":"ARTIFACT_REGISTRY"},{"name":"projects/lantern-33dfd/locations/us-central1/functions/getAllTransactionsByAddress","httpsTrigger":{"url":"https://us-central1-lantern-33dfd.cloudfunctions.net/getAllTransactionsByAddress","securityLevel":"SECURE_ALWAYS"},"status":"ACTIVE","entryPoint":"getAllTransactionsByAddress","timeout":"60s","availableMemoryMb":256,"serviceAccountEmail":"lantern-33dfd@appspot.gserviceaccount.com","updateTime":"2023-08-16T07:16:26.291Z","versionId":"40","labels":{"deployment-tool":"cli-firebase","firebase-functions-hash":"26f7e8a2e5acc697fcc146bd02c7a5da3dd12f9a"},"sourceUploadUrl":"https://storage.googleapis.com/uploads-133427813621.us-central1.cloudfunctions.appspot.com/a20a3f03-c977-4337-9033-20eb6d40d239.zip","environmentVariables":{"ACCESS_TOKEN":"v2xe8294934f376c8398fe921140c1f9438b318bb3456d67f8624c79c9e65586641","WALLET_ID":"64b5932d0b26840007c66bda73df2970","CLIENT_ID":"842918870005-lv1ehsmldbr01vmo4vca4fhp9e6sbe05.apps.googleusercontent.com","CLIENT_SECRET":"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","REFRESH_TOKEN":"1//04jeEdgg4GmX6CgYIARAAGAQSNwF-L9IrN-FQiP1oadEPIWL3C3FP7tX89sU7S8qzSclbYfzMZtao1J6OKjqXnTjEoL4UpyDFMec","BASE_URL":"http://localhost:9000","EMAIL_PROVIDER":"amjadislamkhn@gmail.com","PORTFOLIO_ID":"91dd509a-1193-45a6-8b02-5727e0867ef4","TEST_CASES_ADDRESS":"0x8763d47118845276930796ff7a26592e192ec953","TEST_SLACK_WEBHOOK_ADDRESS":"https://hooks.slack.com/services/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","FIREBASE_CONFIG":"{\"projectId\":\"lantern-33dfd\",\"storageBucket\":\"lantern-33dfd.appspot.com\"}","GCLOUD_PROJECT":"lantern-33dfd","EVENTARC_CLOUD_EVENT_SOURCE":"projects/lantern-33dfd/locations/us-central1/functions/getAllTransactionsByAddress"},"runtime":"nodejs16","ingressSettings":"ALLOW_ALL","buildId":"41e044e2-a0e0-48df-906a-4f9d3d68167a","buildEnvironmentVariables":{"GOOGLE_NODE_RUN_SCRIPTS":""},"buildName":"projects/842918870005/locations/us-central1/builds/41e044e2-a0e0-48df-906a-4f9d3d68167a","dockerRegistry":"ARTIFACT_REGISTRY"},{"name":"projects/lantern-33dfd/locations/us-central1/functions/getBitgoSlackWalletNotification","httpsTrigger":{"url":"https://us-central1-lantern-33dfd.cloudfunctions.net/getBitgoSlackWalletNotification","securityLevel":"SECURE_ALWAYS"},"status":"ACTIVE","entryPoint":"getBitgoSlackWalletNotification","timeout":"60s","availableMemoryMb":256,"serviceAccountEmail":"lantern-33dfd@appspot.gserviceaccount.com","updateTime":"2023-08-16T07:16:27.318Z","versionId":"17","labels":{"deployment-tool":"cli-firebase","firebase-functions-hash":"26f7e8a2e5acc697fcc146bd02c7a5da3dd12f9a"},"sourceUploadUrl":"https://storage.googleapis.com/uploads-133427813621.us-central1.cloudfunctions.appspot.com/a20a3f03-c977-4337-9033-20eb6d40d239.zip","environmentVariables":{"ACCESS_TOKEN":"v2xe8294934f376c8398fe921140c1f9438b318bb3456d67f8624c79c9e65586641","WALLET_ID":"64b5932d0b26840007c66bda73df2970","CLIENT_ID":"842918870005-lv1ehsmldbr01vmo4vca4fhp9e6sbe05.apps.googleusercontent.com","CLIENT_SECRET":"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","REFRESH_TOKEN":"1//04jeEdgg4GmX6CgYIARAAGAQSNwF-L9IrN-FQiP1oadEPIWL3C3FP7tX89sU7S8qzSclbYfzMZtao1J6OKjqXnTjEoL4UpyDFMec","BASE_URL":"http://localhost:9000","EMAIL_PROVIDER":"amjadislamkhn@gmail.com","PORTFOLIO_ID":"91dd509a-1193-45a6-8b02-5727e0867ef4","TEST_CASES_ADDRESS":"0x8763d47118845276930796ff7a26592e192ec953","TEST_SLACK_WEBHOOK_ADDRESS":"https://hooks.slack.com/services/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","FIREBASE_CONFIG":"{\"projectId\":\"lantern-33dfd\",\"storageBucket\":\"lantern-33dfd.appspot.com\"}","GCLOUD_PROJECT":"lantern-33dfd","EVENTARC_CLOUD_EVENT_SOURCE":"projects/lantern-33dfd/locations/us-central1/functions/getBitgoSlackWalletNotification"},"runtime":"nodejs16","ingressSettings":"ALLOW_ALL","buildId":"41e044e2-a0e0-48df-906a-4f9d3d68167a","buildEnvironmentVariables":{"GOOGLE_NODE_RUN_SCRIPTS":""},"buildName":"projects/842918870005/locations/us-central1/builds/41e044e2-a0e0-48df-906a-4f9d3d68167a","dockerRegistry":"ARTIFACT_REGISTRY"},{"name":"projects/lantern-33dfd/locations/us-central1/functions/getBitgoWallet","httpsTrigger":{"url":"https://us-central1-lantern-33dfd.cloudfunctions.net/getBitgoWallet","securityLevel":"SECURE_ALWAYS"},"status":"ACTIVE","entryPoint":"getBitgoWallet","timeout":"60s","availableMemoryMb":256,"serviceAccountEmail":"lantern-33dfd@appspot.gserviceaccount.com","updateTime":"2023-08-16T07:16:22.872Z","versionId":"40","labels":{"deployment-tool":"cli-firebase","firebase-functions-hash":"26f7e8a2e5acc697fcc146bd02c7a5da3dd12f9a"},"sourceUploadUrl":"https://storage.googleapis.com/uploads-133427813621.us-central1.cloudfunctions.appspot.com/a20a3f03-c977-4337-9033-20eb6d40d239.zip","environmentVariables":{"ACCESS_TOKEN":"v2xe8294934f376c8398fe921140c1f9438b318bb3456d67f8624c79c9e65586641","WALLET_ID":"64b5932d0b26840007c66bda73df2970","CLIENT_ID":"842918870005-lv1ehsmldbr01vmo4vca4fhp9e6sbe05.apps.googleusercontent.com","CLIENT_SECRET":"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","REFRESH_TOKEN":"1//04jeEdgg4GmX6CgYIARAAGAQSNwF-L9IrN-FQiP1oadEPIWL3C3FP7tX89sU7S8qzSclbYfzMZtao1J6OKjqXnTjEoL4UpyDFMec","BASE_URL":"http://localhost:9000","EMAIL_PROVIDER":"amjadislamkhn@gmail.com","PORTFOLIO_ID":"91dd509a-1193-45a6-8b02-5727e0867ef4","TEST_CASES_ADDRESS":"0x8763d47118845276930796ff7a26592e192ec953","TEST_SLACK_WEBHOOK_ADDRESS":"https://hooks.slack.com/services/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","FIREBASE_CONFIG":"{\"projectId\":\"lantern-33dfd\",\"storageBucket\":\"lantern-33dfd.appspot.com\"}","GCLOUD_PROJECT":"lantern-33dfd","EVENTARC_CLOUD_EVENT_SOURCE":"projects/lantern-33dfd/locations/us-central1/functions/getBitgoWallet"},"runtime":"nodejs16","ingressSettings":"ALLOW_ALL","buildId":"41e044e2-a0e0-48df-906a-4f9d3d68167a","buildEnvironmentVariables":{"GOOGLE_NODE_RUN_SCRIPTS":""},"buildName":"projects/842918870005/locations/us-central1/builds/41e044e2-a0e0-48df-906a-4f9d3d68167a","dockerRegistry":"ARTIFACT_REGISTRY"},{"name":"projects/lantern-33dfd/locations/us-central1/functions/getPortfolioBalance","httpsTrigger":{"url":"https://us-central1-lantern-33dfd.cloudfunctions.net/getPortfolioBalance","securityLevel":"SECURE_ALWAYS"},"status":"ACTIVE","entryPoint":"getPortfolioBalance","timeout":"60s","availableMemoryMb":256,"serviceAccountEmail":"lantern-33dfd@appspot.gserviceaccount.com","updateTime":"2023-08-16T07:16:25.561Z","versionId":"41","labels":{"deployment-tool":"cli-firebase","firebase-functions-hash":"26f7e8a2e5acc697fcc146bd02c7a5da3dd12f9a"},"sourceUploadUrl":"https://storage.googleapis.com/uploads-133427813621.us-central1.cloudfunctions.appspot.com/a20a3f03-c977-4337-9033-20eb6d40d239.zip","environmentVariables":{"ACCESS_TOKEN":"v2xe8294934f376c8398fe921140c1f9438b318bb3456d67f8624c79c9e65586641","WALLET_ID":"64b5932d0b26840007c66bda73df2970","CLIENT_ID":"842918870005-lv1ehsmldbr01vmo4vca4fhp9e6sbe05.apps.googleusercontent.com","CLIENT_SECRET":"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","REFRESH_TOKEN":"1//04jeEdgg4GmX6CgYIARAAGAQSNwF-L9IrN-FQiP1oadEPIWL3C3FP7tX89sU7S8qzSclbYfzMZtao1J6OKjqXnTjEoL4UpyDFMec","BASE_URL":"http://localhost:9000","EMAIL_PROVIDER":"amjadislamkhn@gmail.com","PORTFOLIO_ID":"91dd509a-1193-45a6-8b02-5727e0867ef4","TEST_CASES_ADDRESS":"0x8763d47118845276930796ff7a26592e192ec953","TEST_SLACK_WEBHOOK_ADDRESS":"https://hooks.slack.com/services/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","FIREBASE_CONFIG":"{\"projectId\":\"lantern-33dfd\",\"storageBucket\":\"lantern-33dfd.appspot.com\"}","GCLOUD_PROJECT":"lantern-33dfd","EVENTARC_CLOUD_EVENT_SOURCE":"projects/lantern-33dfd/locations/us-central1/functions/getPortfolioBalance"},"runtime":"nodejs16","ingressSettings":"ALLOW_ALL","buildId":"41e044e2-a0e0-48df-906a-4f9d3d68167a","buildEnvironmentVariables":{"GOOGLE_NODE_RUN_SCRIPTS":""},"buildName":"projects/842918870005/locations/us-central1/builds/41e044e2-a0e0-48df-906a-4f9d3d68167a","dockerRegistry":"ARTIFACT_REGISTRY"},{"name":"projects/lantern-33dfd/locations/us-central1/functions/getPortfolioTransactions","httpsTrigger":{"url":"https://us-central1-lantern-33dfd.cloudfunctions.net/getPortfolioTransactions","securityLevel":"SECURE_ALWAYS"},"status":"ACTIVE","entryPoint":"getPortfolioTransactions","timeout":"60s","availableMemoryMb":256,"serviceAccountEmail":"lantern-33dfd@appspot.gserviceaccount.com","updateTime":"2023-08-16T07:16:25.594Z","versionId":"38","labels":{"deployment-tool":"cli-firebase","firebase-functions-hash":"26f7e8a2e5acc697fcc146bd02c7a5da3dd12f9a"},"sourceUploadUrl":"https://storage.googleapis.com/uploads-133427813621.us-central1.cloudfunctions.appspot.com/a20a3f03-c977-4337-9033-20eb6d40d239.zip","environmentVariables":{"ACCESS_TOKEN":"v2xe8294934f376c8398fe921140c1f9438b318bb3456d67f8624c79c9e65586641","WALLET_ID":"64b5932d0b26840007c66bda73df2970","CLIENT_ID":"842918870005-lv1ehsmldbr01vmo4vca4fhp9e6sbe05.apps.googleusercontent.com","CLIENT_SECRET":"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","REFRESH_TOKEN":"1//04jeEdgg4GmX6CgYIARAAGAQSNwF-L9IrN-FQiP1oadEPIWL3C3FP7tX89sU7S8qzSclbYfzMZtao1J6OKjqXnTjEoL4UpyDFMec","BASE_URL":"http://localhost:9000","EMAIL_PROVIDER":"amjadislamkhn@gmail.com","PORTFOLIO_ID":"91dd509a-1193-45a6-8b02-5727e0867ef4","TEST_CASES_ADDRESS":"0x8763d47118845276930796ff7a26592e192ec953","TEST_SLACK_WEBHOOK_ADDRESS":"https://hooks.slack.com/services/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","FIREBASE_CONFIG":"{\"projectId\":\"lantern-33dfd\",\"storageBucket\":\"lantern-33dfd.appspot.com\"}","GCLOUD_PROJECT":"lantern-33dfd","EVENTARC_CLOUD_EVENT_SOURCE":"projects/lantern-33dfd/locations/us-central1/functions/getPortfolioTransactions"},"runtime":"nodejs16","ingressSettings":"ALLOW_ALL","buildId":"41e044e2-a0e0-48df-906a-4f9d3d68167a","buildEnvironmentVariables":{"GOOGLE_NODE_RUN_SCRIPTS":""},"buildName":"projects/842918870005/locations/us-central1/builds/41e044e2-a0e0-48df-906a-4f9d3d68167a","dockerRegistry":"ARTIFACT_REGISTRY"},{"name":"projects/lantern-33dfd/locations/us-central1/functions/resetPassword","httpsTrigger":{"url":"https://us-central1-lantern-33dfd.cloudfunctions.net/resetPassword","securityLevel":"SECURE_ALWAYS"},"status":"ACTIVE","entryPoint":"resetPassword","timeout":"60s","availableMemoryMb":256,"serviceAccountEmail":"lantern-33dfd@appspot.gserviceaccount.com","updateTime":"2023-08-16T07:16:25.490Z","versionId":"41","labels":{"deployment-tool":"cli-firebase","firebase-functions-hash":"26f7e8a2e5acc697fcc146bd02c7a5da3dd12f9a"},"sourceUploadUrl":"https://storage.googleapis.com/uploads-133427813621.us-central1.cloudfunctions.appspot.com/a20a3f03-c977-4337-9033-20eb6d40d239.zip","environmentVariables":{"ACCESS_TOKEN":"v2xe8294934f376c8398fe921140c1f9438b318bb3456d67f8624c79c9e65586641","WALLET_ID":"64b5932d0b26840007c66bda73df2970","CLIENT_ID":"842918870005-lv1ehsmldbr01vmo4vca4fhp9e6sbe05.apps.googleusercontent.com","CLIENT_SECRET":"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","REFRESH_TOKEN":"1//04jeEdgg4GmX6CgYIARAAGAQSNwF-L9IrN-FQiP1oadEPIWL3C3FP7tX89sU7S8qzSclbYfzMZtao1J6OKjqXnTjEoL4UpyDFMec","BASE_URL":"http://localhost:9000","EMAIL_PROVIDER":"amjadislamkhn@gmail.com","PORTFOLIO_ID":"91dd509a-1193-45a6-8b02-5727e0867ef4","TEST_CASES_ADDRESS":"0x8763d47118845276930796ff7a26592e192ec953","TEST_SLACK_WEBHOOK_ADDRESS":"https://hooks.slack.com/services/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","FIREBASE_CONFIG":"{\"projectId\":\"lantern-33dfd\",\"storageBucket\":\"lantern-33dfd.appspot.com\"}","GCLOUD_PROJECT":"lantern-33dfd","EVENTARC_CLOUD_EVENT_SOURCE":"projects/lantern-33dfd/locations/us-central1/functions/resetPassword"},"runtime":"nodejs16","ingressSettings":"ALLOW_ALL","buildId":"41e044e2-a0e0-48df-906a-4f9d3d68167a","buildEnvironmentVariables":{"GOOGLE_NODE_RUN_SCRIPTS":""},"buildName":"projects/842918870005/locations/us-central1/builds/41e044e2-a0e0-48df-906a-4f9d3d68167a","dockerRegistry":"ARTIFACT_REGISTRY"},{"name":"projects/lantern-33dfd/locations/us-central1/functions/verifyUserByEmail","httpsTrigger":{"url":"https://us-central1-lantern-33dfd.cloudfunctions.net/verifyUserByEmail","securityLevel":"SECURE_ALWAYS"},"status":"ACTIVE","entryPoint":"verifyUserByEmail","timeout":"60s","availableMemoryMb":256,"serviceAccountEmail":"lantern-33dfd@appspot.gserviceaccount.com","updateTime":"2023-08-16T07:16:22.080Z","versionId":"36","labels":{"deployment-tool":"cli-firebase","firebase-functions-hash":"26f7e8a2e5acc697fcc146bd02c7a5da3dd12f9a"},"sourceUploadUrl":"https://storage.googleapis.com/uploads-133427813621.us-central1.cloudfunctions.appspot.com/a20a3f03-c977-4337-9033-20eb6d40d239.zip","environmentVariables":{"ACCESS_TOKEN":"v2xe8294934f376c8398fe921140c1f9438b318bb3456d67f8624c79c9e65586641","WALLET_ID":"64b5932d0b26840007c66bda73df2970","CLIENT_ID":"842918870005-lv1ehsmldbr01vmo4vca4fhp9e6sbe05.apps.googleusercontent.com","CLIENT_SECRET":"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","REFRESH_TOKEN":"1//04jeEdgg4GmX6CgYIARAAGAQSNwF-L9IrN-FQiP1oadEPIWL3C3FP7tX89sU7S8qzSclbYfzMZtao1J6OKjqXnTjEoL4UpyDFMec","BASE_URL":"http://localhost:9000","EMAIL_PROVIDER":"amjadislamkhn@gmail.com","PORTFOLIO_ID":"91dd509a-1193-45a6-8b02-5727e0867ef4","TEST_CASES_ADDRESS":"0x8763d47118845276930796ff7a26592e192ec953","TEST_SLACK_WEBHOOK_ADDRESS":"https://hooks.slack.com/services/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","FIREBASE_CONFIG":"{\"projectId\":\"lantern-33dfd\",\"storageBucket\":\"lantern-33dfd.appspot.com\"}","GCLOUD_PROJECT":"lantern-33dfd","EVENTARC_CLOUD_EVENT_SOURCE":"projects/lantern-33dfd/locations/us-central1/functions/verifyUserByEmail"},"runtime":"nodejs16","ingressSettings":"ALLOW_ALL","buildId":"41e044e2-a0e0-48df-906a-4f9d3d68167a","buildEnvironmentVariables":{"GOOGLE_NODE_RUN_SCRIPTS":""},"buildName":"projects/842918870005/locations/us-central1/builds/41e044e2-a0e0-48df-906a-4f9d3d68167a","dockerRegistry":"ARTIFACT_REGISTRY"}]}
[debug] [2023-08-16T11:10:40.504Z] >>> [apiv2][query] GET https://cloudfunctions.googleapis.com/v2/projects/lantern-33dfd/locations/-/functions filter=environment%3D%22GEN_2%22
[debug] [2023-08-16T11:10:42.299Z] <<< [apiv2][status] GET https://cloudfunctions.googleapis.com/v2/projects/lantern-33dfd/locations/-/functions 200
[debug] [2023-08-16T11:10:42.300Z] <<< [apiv2][body] GET https://cloudfunctions.googleapis.com/v2/projects/lantern-33dfd/locations/-/functions {}
[debug] [2023-08-16T11:10:42.302Z] >>> [apiv2][query] GET https://firebase.googleapis.com/v1beta1/projects/lantern-33dfd [none]
[debug] [2023-08-16T11:10:42.776Z] <<< [apiv2][status] GET https://firebase.googleapis.com/v1beta1/projects/lantern-33dfd 200
[debug] [2023-08-16T11:10:42.776Z] <<< [apiv2][body] GET https://firebase.googleapis.com/v1beta1/projects/lantern-33dfd {"projectId":"lantern-33dfd","projectNumber":"842918870005","displayName":"lantern","name":"projects/lantern-33dfd","resources":{"hostingSite":"lantern-33dfd"},"state":"ACTIVE","etag":"1_166aa22a-f551-40ef-bd97-d45968b850f3"}
[debug] [2023-08-16T11:10:42.777Z] >>> [apiv2][query] POST https://cloudfunctions.googleapis.com/v1/projects/lantern-33dfd/locations/us-central1/functions:generateUploadUrl [none]
[debug] [2023-08-16T11:10:42.777Z] >>> [apiv2][body] POST https://cloudfunctions.googleapis.com/v1/projects/lantern-33dfd/locations/us-central1/functions:generateUploadUrl {}
[debug] [2023-08-16T11:10:43.660Z] <<< [apiv2][status] POST https://cloudfunctions.googleapis.com/v1/projects/lantern-33dfd/locations/us-central1/functions:generateUploadUrl 200
[debug] [2023-08-16T11:10:43.660Z] <<< [apiv2][body] POST https://cloudfunctions.googleapis.com/v1/projects/lantern-33dfd/locations/us-central1/functions:generateUploadUrl {"uploadUrl":"https://storage.googleapis.com/uploads-133427813621.us-central1.cloudfunctions.appspot.com/17154cba-5db1-41b2-9a6d-6d7582f118e3.zip?GoogleAccessId=service-842918870005@gcf-admin-robot.iam.gserviceaccount.com&Expires=1692186043&Signature=FQWsRrBNPSXm6jKkxeVlSb2BhcT7o3Eb9SK8r0gDgp%2BirSOoktEZTE9ErrIWlBxfTc%2F7aUrGguDnqzxMTqvEhQS5UuC4of8vuQhGl4BpMvTpxzSkp8EgJ9wfVNYwQXYmQJ2q1XJ8gDMiWLHvOduUOTTRZX%2BTV5prb9NLtlVHwQ8Mh8FveoPOFOkYfUKLIOSQ59g6ZLyGdVt7u7VL1%2F9RlI1iRlPtOA6SEX1zgfuvbXHGB7za3PI9%2BTjPDLabiJ7mOdbW%2Bok4zx6uT33RZa%2FHHhkoGFGW8tV7IlLh%2BLs6aUpGOWhI5YLqrcCPhE65BP3D9041APGK24rDQt0kNkL%2B8A%3D%3D"}
[debug] [2023-08-16T11:10:43.661Z] >>> [apiv2][query] PUT https://storage.googleapis.com/uploads-133427813621.us-central1.cloudfunctions.appspot.com/17154cba-5db1-41b2-9a6d-6d7582f118e3.zip GoogleAccessId=service-842918870005%40gcf-admin-robot.iam.gserviceaccount.com&Expires=1692186043&Signature=FQWsRrBNPSXm6jKkxeVlSb2BhcT7o3Eb9SK8r0gDgp%2BirSOoktEZTE9ErrIWlBxfTc%2F7aUrGguDnqzxMTqvEhQS5UuC4of8vuQhGl4BpMvTpxzSkp8EgJ9wfVNYwQXYmQJ2q1XJ8gDMiWLHvOduUOTTRZX%2BTV5prb9NLtlVHwQ8Mh8FveoPOFOkYfUKLIOSQ59g6ZLyGdVt7u7VL1%2F9RlI1iRlPtOA6SEX1zgfuvbXHGB7za3PI9%2BTjPDLabiJ7mOdbW%2Bok4zx6uT33RZa%2FHHhkoGFGW8tV7IlLh%2BLs6aUpGOWhI5YLqrcCPhE65BP3D9041APGK24rDQt0kNkL%2B8A%3D%3D
[debug] [2023-08-16T11:10:43.661Z] >>> [apiv2][body] PUT https://storage.googleapis.com/uploads-133427813621.us-central1.cloudfunctions.appspot.com/17154cba-5db1-41b2-9a6d-6d7582f118e3.zip [stream]
[debug] [2023-08-16T11:10:46.107Z] <<< [apiv2][status] PUT https://storage.googleapis.com/uploads-133427813621.us-central1.cloudfunctions.appspot.com/17154cba-5db1-41b2-9a6d-6d7582f118e3.zip 200
[debug] [2023-08-16T11:10:46.107Z] <<< [apiv2][body] PUT https://storage.googleapis.com/uploads-133427813621.us-central1.cloudfunctions.appspot.com/17154cba-5db1-41b2-9a6d-6d7582f118e3.zip [omitted]
[info] ✔  functions: functions folder uploaded successfully 
[info] 
The following functions are found in your project but do not exist in your local source code:
	getAllDeposits(us-central1)

If you are renaming a function or changing its region, it is recommended that you create the new function first before deleting the old one to prevent event loss. For more info, visit https://firebase.google.com/docs/functions/manage-functions#modify

